<?xml version="1.0" encoding="UTF-8"?>
<!-- Generated by org.testng.reporters.JUnitReportReporter -->
<testsuite hostname="SPARK" name="com.smriti.firsttestngtest.FirstTestNGTest" tests="2" failures="0" timestamp="20 Apr 2015 15:47:09 GMT" time="0.020" errors="0">
  <testcase name="testmethod2" time="0.002" classname="com.smriti.firsttestngtest.FirstTestNGTest"/>
  <testcase name="testmethod1" time="0.018" classname="com.smriti.firsttestngtest.FirstTestNGTest"/>
</testsuite> <!-- com.smriti.firsttestngtest.FirstTestNGTest -->
